<?xml version="1.0" encoding="UTF-8"?>
<coverage generated="1735761810330" clover="3.2.0">
  <project timestamp="1735761810330" name="All files">
    <metrics statements="10" coveredstatements="10" conditionals="2" coveredconditionals="2" methods="1" coveredmethods="1" elements="13" coveredelements="13" complexity="0" loc="10" ncloc="10" packages="1" files="1" classes="1"/>
    <file name="maxConsecutiveNumber.js" path="C:\Users\anuke\OneDrive\Desktop\Interview Preparation\JavaScript\Basic\problems\maxConsecutiveNumber.js">
      <metrics statements="10" coveredstatements="10" conditionals="2" coveredconditionals="2" methods="1" coveredmethods="1"/>
      <line num="5" count="1" type="stmt"/>
      <line num="6" count="14" type="stmt"/>
      <line num="8" count="14" type="stmt"/>
      <line num="9" count="79" type="stmt"/>
      <line num="10" count="79" type="cond" truecount="2" falsecount="0"/>
      <line num="11" count="52" type="stmt"/>
      <line num="12" count="52" type="stmt"/>
      <line num="14" count="27" type="stmt"/>
      <line num="15" count="27" type="stmt"/>
      <line num="19" count="14" type="stmt"/>
    </file>
  </project>
</coverage>
