{"C:\\Users\\anuke\\OneDrive\\Desktop\\Interview Preparation\\JavaScript\\Interview_Problems\\problems1.js": {"path":"C:\\Users\\anuke\\OneDrive\\Desktop\\Interview Preparation\\JavaScript\\Interview_Problems\\problems1.js","statementMap":{"0":{"start":{"line":5,"column":19},"end":{"line":17,"column":1}},"1":{"start":{"line":6,"column":5},"end":{"line":15,"column":6}},"2":{"start":{"line":6,"column":18},"end":{"line":6,"column":19}},"3":{"start":{"line":7,"column":10},"end":{"line":14,"column":11}},"4":{"start":{"line":7,"column":23},"end":{"line":7,"column":24}},"5":{"start":{"line":8,"column":15},"end":{"line":13,"column":16}},"6":{"start":{"line":10,"column":31},"end":{"line":10,"column":37}},"7":{"start":{"line":11,"column":20},"end":{"line":11,"column":40}},"8":{"start":{"line":12,"column":20},"end":{"line":12,"column":38}},"9":{"start":{"line":16,"column":5},"end":{"line":16,"column":16}}},"fnMap":{"0":{"name":"(anonymous_0)","decl":{"start":{"line":5,"column":19},"end":{"line":5,"column":20}},"loc":{"start":{"line":5,"column":28},"end":{"line":17,"column":1}},"line":5}},"branchMap":{"0":{"loc":{"start":{"line":8,"column":15},"end":{"line":13,"column":16}},"type":"if","locations":[{"start":{"line":8,"column":15},"end":{"line":13,"column":16}},{"start":{},"end":{}}],"line":8}},"s":{"0":1,"1":2,"2":2,"3":8,"4":8,"5":32,"6":4,"7":4,"8":4,"9":2},"f":{"0":2},"b":{"0":[4,28]},"_coverageSchema":"1a1c01bbd47fc00a2c39e90264f33305004495a9","hash":"09bb01817a383e0ea1de00b42eaa14cfd37fc8dd"}
}
