{"C:\\Users\\anuke\\OneDrive\\Desktop\\Interview Preparation\\JavaScript\\Basic\\problems\\factorial.js": {"path":"C:\\Users\\anuke\\OneDrive\\Desktop\\Interview Preparation\\JavaScript\\Basic\\problems\\factorial.js","statementMap":{"0":{"start":{"line":4,"column":27},"end":{"line":10,"column":1}},"1":{"start":{"line":5,"column":15},"end":{"line":5,"column":16}},"2":{"start":{"line":6,"column":5},"end":{"line":8,"column":6}},"3":{"start":{"line":6,"column":18},"end":{"line":6,"column":24}},"4":{"start":{"line":7,"column":10},"end":{"line":7,"column":24}},"5":{"start":{"line":9,"column":5},"end":{"line":9,"column":16}},"6":{"start":{"line":12,"column":0},"end":{"line":12,"column":35}}},"fnMap":{"0":{"name":"(anonymous_0)","decl":{"start":{"line":4,"column":27},"end":{"line":4,"column":28}},"loc":{"start":{"line":4,"column":39},"end":{"line":10,"column":1}},"line":4}},"branchMap":{},"s":{"0":1,"1":2,"2":2,"3":2,"4":15,"5":2,"6":1},"f":{"0":2},"b":{},"_coverageSchema":"1a1c01bbd47fc00a2c39e90264f33305004495a9","hash":"8c868926425474f4343a5c651bf684e904733917"}
,"C:\\Users\\anuke\\OneDrive\\Desktop\\Interview Preparation\\JavaScript\\Basic\\problems\\maxConsecutiveNumber.js": {"path":"C:\\Users\\anuke\\OneDrive\\Desktop\\Interview Preparation\\JavaScript\\Basic\\problems\\maxConsecutiveNumber.js","statementMap":{"0":{"start":{"line":5,"column":30},"end":{"line":20,"column":1}},"1":{"start":{"line":6,"column":18},"end":{"line":6,"column":20}},"2":{"start":{"line":8,"column":5},"end":{"line":18,"column":6}},"3":{"start":{"line":8,"column":18},"end":{"line":8,"column":19}},"4":{"start":{"line":9,"column":10},"end":{"line":17,"column":11}},"5":{"start":{"line":9,"column":23},"end":{"line":9,"column":24}},"6":{"start":{"line":10,"column":15},"end":{"line":16,"column":16}},"7":{"start":{"line":11,"column":20},"end":{"line":11,"column":40}},"8":{"start":{"line":12,"column":20},"end":{"line":12,"column":48}},"9":{"start":{"line":14,"column":16},"end":{"line":14,"column":27}},"10":{"start":{"line":15,"column":16},"end":{"line":15,"column":22}},"11":{"start":{"line":19,"column":4},"end":{"line":19,"column":24}}},"fnMap":{"0":{"name":"(anonymous_0)","decl":{"start":{"line":5,"column":30},"end":{"line":5,"column":31}},"loc":{"start":{"line":5,"column":39},"end":{"line":20,"column":1}},"line":5}},"branchMap":{"0":{"loc":{"start":{"line":10,"column":15},"end":{"line":16,"column":16}},"type":"if","locations":[{"start":{"line":10,"column":15},"end":{"line":16,"column":16}},{"start":{"line":13,"column":22},"end":{"line":16,"column":16}}],"line":10}},"s":{"0":1,"1":14,"2":14,"3":14,"4":79,"5":79,"6":79,"7":52,"8":52,"9":27,"10":27,"11":14},"f":{"0":14},"b":{"0":[52,27]},"_coverageSchema":"1a1c01bbd47fc00a2c39e90264f33305004495a9","hash":"45c521b56f5ff991b7978fa279e656440764d085"}
}
