TN:
SF:Basic\problems\factorial.js
FN:4,(anonymous_0)
FNF:1
FNH:1
FNDA:5,(anonymous_0)
DA:4,1
DA:5,5
DA:6,5
DA:7,64
DA:9,5
LF:5
LH:5
BRF:0
BRH:0
end_of_record
TN:
SF:Basic\problems\findCorrespondingArraySquare.js
FN:4,(anonymous_0)
FN:8,(anonymous_1)
FNF:2
FNH:1
FNDA:1,(anonymous_0)
FNDA:0,(anonymous_1)
DA:4,1
DA:5,1
DA:6,1
DA:8,0
DA:9,0
DA:10,0
DA:12,0
DA:13,0
DA:14,0
DA:17,0
DA:21,0
LF:11
LH:3
BRDA:5,0,0,1
BRDA:5,0,1,0
BRDA:5,1,0,1
BRDA:5,1,1,0
BRDA:13,2,0,0
BRDA:13,2,1,0
BRF:6
BRH:2
end_of_record
TN:
SF:Basic\problems\maxConsecutiveNumber.js
FN:5,(anonymous_0)
FNF:1
FNH:1
FNDA:14,(anonymous_0)
DA:5,1
DA:6,14
DA:8,14
DA:9,79
DA:10,79
DA:11,52
DA:12,52
DA:14,27
DA:15,27
DA:19,14
LF:10
LH:10
BRDA:10,0,0,52
BRDA:10,0,1,27
BRF:2
BRH:2
end_of_record
TN:
SF:Basic\problems\mergeTwoArrays.js
FN:3,(anonymous_0)
FN:6,(anonymous_1)
FNF:2
FNH:2
FNDA:6,(anonymous_0)
FNDA:32,(anonymous_1)
DA:3,1
DA:4,6
DA:6,32
DA:8,3
DA:10,1
LF:5
LH:5
BRF:0
BRH:0
end_of_record
